CompileCommand: exclude com/intellij/openapi/vfs/impl/FilePartNodeRoot.trieDescend bool exclude = true
2023-09-18 16:31:12,664 [    844]   WARN - #c.i.o.a.i.ActionManagerImpl - keymap "Visual Studio" not found PluginDescriptor(name=IDEA CORE, id=com.intellij, descriptorPath=plugin.xml, path=/nix/store/41mxc5f9d91g045hmz4gvmlmdzmnsw65-pycharm-professional-2023.1.2/pycharm-professional/lib, version=231.9011.38, package=com.intellij.structuralsearch, isBundled=true)
2023-09-18 16:31:12,668 [    848]   WARN - #c.i.o.a.i.ActionManagerImpl - keymap "Eclipse" not found PluginDescriptor(name=IDEA CORE, id=com.intellij, descriptorPath=plugin.xml, path=/nix/store/41mxc5f9d91g045hmz4gvmlmdzmnsw65-pycharm-professional-2023.1.2/pycharm-professional/lib, version=231.9011.38, package=com.intellij.structuralsearch, isBundled=true)
2023-09-18 16:31:12,669 [    849]   WARN - #c.i.o.a.i.ActionManagerImpl - keymap "NetBeans 6.5" not found PluginDescriptor(name=IDEA CORE, id=com.intellij, descriptorPath=plugin.xml, path=/nix/store/41mxc5f9d91g045hmz4gvmlmdzmnsw65-pycharm-professional-2023.1.2/pycharm-professional/lib, version=231.9011.38, package=com.intellij.structuralsearch, isBundled=true)
2023-09-18 16:31:12,669 [    849]   WARN - #c.i.o.a.i.ActionManagerImpl - keymap "Visual Studio" not found PluginDescriptor(name=IDEA CORE, id=com.intellij, descriptorPath=plugin.xml, path=/nix/store/41mxc5f9d91g045hmz4gvmlmdzmnsw65-pycharm-professional-2023.1.2/pycharm-professional/lib, version=231.9011.38, package=com.intellij.structuralsearch, isBundled=true)
2023-09-18 16:31:12,678 [    858]   WARN - #c.i.o.a.i.ActionManagerImpl - keymap "VSCode" not found PluginDescriptor(name=Terminal, id=org.jetbrains.plugins.terminal, descriptorPath=plugin.xml, path=/nix/store/41mxc5f9d91g045hmz4gvmlmdzmnsw65-pycharm-professional-2023.1.2/pycharm-professional/plugins/terminal, version=231.9011.38, package=null, isBundled=true)
2023-09-18 16:31:12,688 [    868]   WARN - #c.i.o.a.i.ActionManagerImpl - keymap "Visual Studio" not found PluginDescriptor(name=HTML Tools, id=HtmlTools, descriptorPath=plugin.xml, path=/nix/store/41mxc5f9d91g045hmz4gvmlmdzmnsw65-pycharm-professional-2023.1.2/pycharm-professional/plugins/html-tools, version=231.9011.38, package=null, isBundled=true)
2023-09-18 16:31:12,709 [    889]   WARN - #c.i.o.a.i.ActionManagerImpl - keymap "Eclipse" not found PluginDescriptor(name=GitHub, id=org.jetbrains.plugins.github, descriptorPath=plugin.xml, path=/nix/store/41mxc5f9d91g045hmz4gvmlmdzmnsw65-pycharm-professional-2023.1.2/pycharm-professional/plugins/vcs-github, version=231.9011.38, package=org.jetbrains.plugins.github, isBundled=true)
2023-09-18 16:31:12,719 [    899]   WARN - #c.i.o.a.i.ActionManagerImpl - keymap "Eclipse" not found PluginDescriptor(name=JavaScript and TypeScript, id=JavaScript, descriptorPath=plugin.xml, path=/nix/store/41mxc5f9d91g045hmz4gvmlmdzmnsw65-pycharm-professional-2023.1.2/pycharm-professional/plugins/javascript-impl, version=231.9011.38, package=null, isBundled=true)
2023-09-18 16:31:12,720 [    900]   WARN - #c.i.o.a.i.ActionManagerImpl - keymap "Visual Studio" not found PluginDescriptor(name=JavaScript and TypeScript, id=JavaScript, descriptorPath=plugin.xml, path=/nix/store/41mxc5f9d91g045hmz4gvmlmdzmnsw65-pycharm-professional-2023.1.2/pycharm-professional/plugins/javascript-impl, version=231.9011.38, package=null, isBundled=true)
2023-09-18 16:31:12,723 [    903]   WARN - #c.i.o.a.i.ActionManagerImpl - keymap "Eclipse" not found PluginDescriptor(name=Space, id=com.jetbrains.space, moduleName=intellij.space.vcs, descriptorPath=intellij.space.vcs.xml, path=/nix/store/41mxc5f9d91g045hmz4gvmlmdzmnsw65-pycharm-professional-2023.1.2/pycharm-professional/plugins/space, version=231.9011.38, package=com.intellij.space.vcs, isBundled=true)
2023-09-18 16:31:12,751 [    931]   WARN - #c.i.o.a.i.ActionManagerImpl - keymap "Eclipse" not found PluginDescriptor(name=Python, id=Pythonid, descriptorPath=plugin.xml, path=/nix/store/41mxc5f9d91g045hmz4gvmlmdzmnsw65-pycharm-professional-2023.1.2/pycharm-professional/plugins/python, version=231.9011.38, package=null, isBundled=true)
2023-09-18 16:31:12,752 [    932]   WARN - #c.i.o.a.i.ActionManagerImpl - keymap "NetBeans 6.5" not found PluginDescriptor(name=Python, id=Pythonid, descriptorPath=plugin.xml, path=/nix/store/41mxc5f9d91g045hmz4gvmlmdzmnsw65-pycharm-professional-2023.1.2/pycharm-professional/plugins/python, version=231.9011.38, package=null, isBundled=true)
2023-09-18 16:31:12,754 [    934]   WARN - #c.i.o.a.i.ActionManagerImpl - keymap "Visual Studio" not found PluginDescriptor(name=Python, id=Pythonid, descriptorPath=plugin.xml, path=/nix/store/41mxc5f9d91g045hmz4gvmlmdzmnsw65-pycharm-professional-2023.1.2/pycharm-professional/plugins/python, version=231.9011.38, package=null, isBundled=true)
2023-09-18 16:31:12,754 [    934]   WARN - #c.i.o.a.i.ActionManagerImpl - keymap "Eclipse" not found PluginDescriptor(name=Python, id=Pythonid, descriptorPath=plugin.xml, path=/nix/store/41mxc5f9d91g045hmz4gvmlmdzmnsw65-pycharm-professional-2023.1.2/pycharm-professional/plugins/python, version=231.9011.38, package=null, isBundled=true)
2023-09-18 16:31:13,269 [   1449]   WARN - #c.i.o.v.n.p.l.VfsLog - VFS Log version differs from the implementation version: log null vs implementation -43
2023-09-18 16:31:13,619 [   1799]   WARN - #c.i.e.t.TargetBasedSdks - SDK target configuration data is absent
2023-09-18 16:31:13,636 [   1816]   WARN - #c.j.p.PluginClassPathRuntimeCustomizer - There was more than one class loaded in Projector Plugin classloader - this is likely a bug!
Info  | RdCoroutineScope          | 13:DefaultDispatcher-worker-2 | RdCoroutineHost overridden 
2023-09-18 16:31:18,627 [   6807]   WARN - #c.i.i.s.p.i.BundledSharedIndexPostStartupActivity - Skipped 1 pre-built shared indexes: bundled-js-predefined-1d06a55b98c1-e95fd0b84d23-JavaScript-PY-231.9011.38
2023-09-18 16:31:23,229 [  11409]   WARN - #c.i.u.x.Binding - no accessors for com.intellij.openapi.projectRoots.Sdk
2023-09-18 16:31:24,020 [  12200]   WARN - #c.i.o.a.i.Utils - 1325 ms to fillMenu@ProjectViewPopup
2023-09-18 16:32:01,424 [  49604]   WARN - #c.j.p.s.s.PySkeletonRefresher - Some skeletons failed to generate
2023-09-18 16:32:01,425 [  49605]   WARN - #c.j.p.s.s.PySkeletonRefresher - torch.lib.libc10
2023-09-18 16:32:01,425 [  49605]   WARN - #c.j.p.s.s.PySkeletonRefresher - torch.lib.libc10_cuda
2023-09-18 16:32:01,425 [  49605]   WARN - #c.j.p.s.s.PySkeletonRefresher - torch.lib.libcaffe2_nvrtc
2023-09-18 16:32:01,425 [  49605]   WARN - #c.j.p.s.s.PySkeletonRefresher - torch.lib.libnvfuser_codegen
2023-09-18 16:32:01,425 [  49605]   WARN - #c.j.p.s.s.PySkeletonRefresher - torch.lib.libshm
2023-09-18 16:32:01,425 [  49605]   WARN - #c.j.p.s.s.PySkeletonRefresher - torch.lib.libtorch
2023-09-18 16:32:01,425 [  49605]   WARN - #c.j.p.s.s.PySkeletonRefresher - torch.lib.libtorch_cpu
2023-09-18 16:32:01,425 [  49605]   WARN - #c.j.p.s.s.PySkeletonRefresher - torch.lib.libtorch_cuda
2023-09-18 16:32:01,425 [  49605]   WARN - #c.j.p.s.s.PySkeletonRefresher - torch.lib.libtorch_cuda_linalg
2023-09-18 16:32:01,425 [  49605]   WARN - #c.j.p.s.s.PySkeletonRefresher - torch.lib.libtorch_global_deps
2023-09-18 16:32:01,425 [  49605]   WARN - #c.j.p.s.s.PySkeletonRefresher - torch.lib.libtorch_python
